# JRE version: OpenJDK Runtime Environment (8.0_242-b01) (build 1.8.0_242-release-1644-b01)
# Java VM: OpenJDK 64-Bit Server VM (25.242-b01 mixed mode windows-amd64 compressed oops)
Heap:
 PSYoungGen      total 457216K, used 77751K [0x00000000d5580000, 0x00000000f5480000, 0x0000000100000000)
  eden space 392192K, 19% used [0x00000000d5580000,0x00000000da16dd68,0x00000000ed480000)
  from space 65024K, 0% used [0x00000000f1500000,0x00000000f1500000,0x00000000f5480000)
  to   space 65536K, 0% used [0x00000000ed480000,0x00000000ed480000,0x00000000f1480000)
 ParOldGen       total 330240K, used 58627K [0x0000000080000000, 0x0000000094280000, 0x00000000d5580000)
  object space 330240K, 17% used [0x0000000080000000,0x0000000083940fd8,0x0000000094280000)
 Metaspace       used 106092K, capacity 111472K, committed 119384K, reserved 1153024K
  class space    used 13513K, capacity 14476K, committed 15488K, reserved 1048576K
GC Heap History (10 events):
Event: 3613.339 GC heap before
{Heap before GC invocations=27 (full 4):
 PSYoungGen      total 489472K, used 489051K [0x00000000d5580000, 0x00000000fb680000, 0x0000000100000000)
  eden space 432128K, 100% used [0x00000000d5580000,0x00000000efb80000,0x00000000efb80000)
  from space 57344K, 99% used [0x00000000f7e80000,0x00000000fb616e38,0x00000000fb680000)
  to   space 68608K, 0% used [0x00000000f3080000,0x00000000f3080000,0x00000000f7380000)
 ParOldGen       total 330240K, used 82251K [0x0000000080000000, 0x0000000094280000, 0x00000000d5580000)
  object space 330240K, 24% used [0x0000000080000000,0x0000000085052fb0,0x0000000094280000)
 Metaspace       used 110548K, capacity 116070K, committed 116184K, reserved 1150976K
  class space    used 14069K, capacity 15093K, committed 15104K, reserved 1048576K
Event: 3613.360 GC heap after
Heap after GC invocations=27 (full 4):
 PSYoungGen      total 433664K, used 15072K [0x00000000d5580000, 0x00000000f7f00000, 0x0000000100000000)
  eden space 418304K, 0% used [0x00000000d5580000,0x00000000d5580000,0x00000000eee00000)
  from space 15360K, 98% used [0x00000000f3080000,0x00000000f3f38090,0x00000000f3f80000)
  to   space 65024K, 0% used [0x00000000f3f80000,0x00000000f3f80000,0x00000000f7f00000)
 ParOldGen       total 330240K, used 82259K [0x0000000080000000, 0x0000000094280000, 0x00000000d5580000)
  object space 330240K, 24% used [0x0000000080000000,0x0000000085054fb0,0x0000000094280000)
 Metaspace       used 110548K, capacity 116070K, committed 116184K, reserved 1150976K
  class space    used 14069K, capacity 15093K, committed 15104K, reserved 1048576K
}
Event: 3618.230 GC heap before
{Heap before GC invocations=28 (full 4):
 PSYoungGen      total 433664K, used 433376K [0x00000000d5580000, 0x00000000f7f00000, 0x0000000100000000)
  eden space 418304K, 100% used [0x00000000d5580000,0x00000000eee00000,0x00000000eee00000)
  from space 15360K, 98% used [0x00000000f3080000,0x00000000f3f38090,0x00000000f3f80000)
  to   space 65024K, 0% used [0x00000000f3f80000,0x00000000f3f80000,0x00000000f7f00000)
 ParOldGen       total 330240K, used 82259K [0x0000000080000000, 0x0000000094280000, 0x00000000d5580000)
  object space 330240K, 24% used [0x0000000080000000,0x0000000085054fb0,0x0000000094280000)
 Metaspace       used 113282K, capacity 118868K, committed 119128K, reserved 1153024K
  class space    used 14347K, capacity 15402K, committed 15488K, reserved 1048576K
Event: 3618.255 GC heap after
Heap after GC invocations=28 (full 4):
 PSYoungGen      total 444416K, used 39079K [0x00000000d5580000, 0x00000000f6600000, 0x0000000100000000)
  eden space 404992K, 0% used [0x00000000d5580000,0x00000000d5580000,0x00000000ee100000)
  from space 39424K, 99% used [0x00000000f3f80000,0x00000000f65a9c78,0x00000000f6600000)
  to   space 67584K, 0% used [0x00000000ee200000,0x00000000ee200000,0x00000000f2400000)
 ParOldGen       total 330240K, used 82267K [0x0000000080000000, 0x0000000094280000, 0x00000000d5580000)
  object space 330240K, 24% used [0x0000000080000000,0x0000000085056fb0,0x0000000094280000)
 Metaspace       used 113282K, capacity 118868K, committed 119128K, reserved 1153024K
  class space    used 14347K, capacity 15402K, committed 15488K, reserved 1048576K
}
Event: 3620.625 GC heap before
{Heap before GC invocations=29 (full 4):
 PSYoungGen      total 444416K, used 444071K [0x00000000d5580000, 0x00000000f6600000, 0x0000000100000000)
  eden space 404992K, 100% used [0x00000000d5580000,0x00000000ee100000,0x00000000ee100000)
  from space 39424K, 99% used [0x00000000f3f80000,0x00000000f65a9c78,0x00000000f6600000)
  to   space 67584K, 0% used [0x00000000ee200000,0x00000000ee200000,0x00000000f2400000)
 ParOldGen       total 330240K, used 82267K [0x0000000080000000, 0x0000000094280000, 0x00000000d5580000)
  object space 330240K, 24% used [0x0000000080000000,0x0000000085056fb0,0x0000000094280000)
 Metaspace       used 113629K, capacity 119196K, committed 119384K, reserved 1153024K
  class space    used 14354K, capacity 15402K, committed 15488K, reserved 1048576K
Event: 3620.641 GC heap after
Heap after GC invocations=29 (full 4):
 PSYoungGen      total 407040K, used 14769K [0x00000000d5580000, 0x00000000f5580000, 0x0000000100000000)
  eden space 392192K, 0% used [0x00000000d5580000,0x00000000d5580000,0x00000000ed480000)
  from space 14848K, 99% used [0x00000000ee200000,0x00000000ef06c4f0,0x00000000ef080000)
  to   space 66048K, 0% used [0x00000000f1500000,0x00000000f1500000,0x00000000f5580000)
 ParOldGen       total 330240K, used 82275K [0x0000000080000000, 0x0000000094280000, 0x00000000d5580000)
  object space 330240K, 24% used [0x0000000080000000,0x0000000085058fb0,0x0000000094280000)
 Metaspace       used 113629K, capacity 119196K, committed 119384K, reserved 1153024K
  class space    used 14354K, capacity 15402K, committed 15488K, reserved 1048576K
}
Event: 3627.287 GC heap before
{Heap before GC invocations=30 (full 4):
 PSYoungGen      total 407040K, used 17962K [0x00000000d5580000, 0x00000000f5580000, 0x0000000100000000)
  eden space 392192K, 0% used [0x00000000d5580000,0x00000000d589e358,0x00000000ed480000)
  from space 14848K, 99% used [0x00000000ee200000,0x00000000ef06c4f0,0x00000000ef080000)
  to   space 66048K, 0% used [0x00000000f1500000,0x00000000f1500000,0x00000000f5580000)
 ParOldGen       total 330240K, used 82275K [0x0000000080000000, 0x0000000094280000, 0x00000000d5580000)
  object space 330240K, 24% used [0x0000000080000000,0x0000000085058fb0,0x0000000094280000)
 Metaspace       used 113630K, capacity 119196K, committed 119384K, reserved 1153024K
  class space    used 14354K, capacity 15402K, committed 15488K, reserved 1048576K
Event: 3627.293 GC heap after
Heap after GC invocations=30 (full 4):
 PSYoungGen      total 457216K, used 8736K [0x00000000d5580000, 0x00000000f5480000, 0x0000000100000000)
  eden space 392192K, 0% used [0x00000000d5580000,0x00000000d5580000,0x00000000ed480000)
  from space 65024K, 13% used [0x00000000f1500000,0x00000000f1d88098,0x00000000f5480000)
  to   space 65536K, 0% used [0x00000000ed480000,0x00000000ed480000,0x00000000f1480000)
 ParOldGen       total 330240K, used 82283K [0x0000000080000000, 0x0000000094280000, 0x00000000d5580000)
  object space 330240K, 24% used [0x0000000080000000,0x000000008505afb0,0x0000000094280000)
 Metaspace       used 113630K, capacity 119196K, committed 119384K, reserved 1153024K
  class space    used 14354K, capacity 15402K, committed 15488K, reserved 1048576K
}
Event: 3627.293 GC heap before
{Heap before GC invocations=31 (full 5):
 PSYoungGen      total 457216K, used 8736K [0x00000000d5580000, 0x00000000f5480000, 0x0000000100000000)
  eden space 392192K, 0% used [0x00000000d5580000,0x00000000d5580000,0x00000000ed480000)
  from space 65024K, 13% used [0x00000000f1500000,0x00000000f1d88098,0x00000000f5480000)
  to   space 65536K, 0% used [0x00000000ed480000,0x00000000ed480000,0x00000000f1480000)
 ParOldGen       total 330240K, used 82283K [0x0000000080000000, 0x0000000094280000, 0x00000000d5580000)
  object space 330240K, 24% used [0x0000000080000000,0x000000008505afb0,0x0000000094280000)
 Metaspace       used 113630K, capacity 119196K, committed 119384K, reserved 1153024K
  class space    used 14354K, capacity 15402K, committed 15488K, reserved 1048576K
Event: 3627.580 GC heap after
Heap after GC invocations=31 (full 5):
 PSYoungGen      total 457216K, used 0K [0x00000000d5580000, 0x00000000f5480000, 0x0000000100000000)
  eden space 392192K, 0% used [0x00000000d5580000,0x00000000d5580000,0x00000000ed480000)
  from space 65024K, 0% used [0x00000000f1500000,0x00000000f1500000,0x00000000f5480000)
  to   space 65536K, 0% used [0x00000000ed480000,0x00000000ed480000,0x00000000f1480000)
 ParOldGen       total 330240K, used 58627K [0x0000000080000000, 0x0000000094280000, 0x00000000d5580000)
  object space 330240K, 17% used [0x0000000080000000,0x0000000083940fd8,0x0000000094280000)
 Metaspace       used 105887K, capacity 111104K, committed 119384K, reserved 1153024K
  class space    used 13490K, capacity 14436K, committed 15488K, reserved 1048576K
}

